Start testing: Jun 11 20:03 WIB
----------------------------------------------------------
1/6 Testing: layout_test
1/6 Test: layout_test
Command: "/Users/solpochi/Projects/oss/kairo/firmware/build-host/tests/layout_test"
Directory: /Users/solpochi/Projects/oss/kairo/firmware/build-host/tests
"layout_test" start time: Jun 11 20:03 WIB
Output:
----------------------------------------------------------
== Layout engine tests ==
[col grow: 3 children, middle grows, height 100]
  ok:   child0 y == 0
  ok:   child0 h == 10
  ok:   child1 y == 10 (after child0)
  ok:   child1 h == 80 (grew to fill 100-10-10)
  ok:   child2 y == 90
  ok:   child2 h == 10
[row space-between: 2 boxes in width 100]
  ok:   box0 x == 0 (start)
  ok:   box1 x == 80 (end, 100-20)
[col align=center, padding=4, gap=2]
  ok:   box0 x centered == 40
  ok:   box0 y == padding 4
  ok:   box1 y == 4 + 10 + gap2 == 16
[text intrinsic size via metrics — Text is a leaf inside a View]
  ok:   text w == 30 (5*6)
  ok:   text h == 8
  ok:   text x == 0
  ok:   text y == 0
[scroll: bounded viewport in flex parent, content overflows]
  ok:   scrollview viewport h == 100-20 == 80 (flex bounded)
  ok:   content natural length == 10*20 == 200
  ok:   viewport recorded == 80
  ok:   maxScroll == 200-80 == 120
  ok:   box0 y == header bottom (scrollY 0)
  ok:   box0 y shifted up by scroll 50 == -30
  ok:   scroll stays 50 (within bounds)
  ok:   over-scroll clamped to maxScroll 120
== ALL PASS ==
<end of output>
Test time =   0.49 sec
----------------------------------------------------------
Test Passed.
"layout_test" end time: Jun 11 20:03 WIB
"layout_test" time elapsed: 00:00:00
----------------------------------------------------------

2/6 Testing: klp_test
2/6 Test: klp_test
Command: "/Users/solpochi/Projects/oss/kairo/firmware/build-host/tests/klp_test"
Directory: /Users/solpochi/Projects/oss/kairo/firmware/build-host/tests
"klp_test" start time: Jun 11 20:03 WIB
Output:
----------------------------------------------------------
klp_test OK
<end of output>
Test time =   0.37 sec
----------------------------------------------------------
Test Passed.
"klp_test" end time: Jun 11 20:03 WIB
"klp_test" time elapsed: 00:00:00
----------------------------------------------------------

3/6 Testing: link_test
3/6 Test: link_test
Command: "/Users/solpochi/Projects/oss/kairo/firmware/build-host/tests/link_test"
Directory: /Users/solpochi/Projects/oss/kairo/firmware/build-host/tests
"link_test" start time: Jun 11 20:03 WIB
Output:
----------------------------------------------------------
link_test OK
<end of output>
Test time =   0.41 sec
----------------------------------------------------------
Test Passed.
"link_test" end time: Jun 11 20:03 WIB
"link_test" time elapsed: 00:00:00
----------------------------------------------------------

4/6 Testing: js_test
4/6 Test: js_test
Command: "/Users/solpochi/Projects/oss/kairo/firmware/build-host/tests/js_test"
Directory: /Users/solpochi/Projects/oss/kairo/firmware/build-host/tests
"js_test" start time: Jun 11 20:03 WIB
Output:
----------------------------------------------------------
== JsEngine (QuickJS) tests ==
  ok:   engine init
  ok:   eval 1+1
  ok:   ES2020 (arrow + map + JSON + template) works
  ok:   Promise/async pending-job drain
  ok:   syntax error → false
  ok:   error message captured
  ok:   infinite loop interrupted by deadline
  ok:   engine still usable after interrupt
== ALL PASS ==
<end of output>
Test time =   0.61 sec
----------------------------------------------------------
Test Passed.
"js_test" end time: Jun 11 20:03 WIB
"js_test" time elapsed: 00:00:00
----------------------------------------------------------

5/6 Testing: js_render_test
5/6 Test: js_render_test
Command: "/Users/solpochi/Projects/oss/kairo/firmware/build-host/tests/js_render_test"
Directory: /Users/solpochi/Projects/oss/kairo/firmware/build-host/tests
"js_render_test" start time: Jun 11 20:03 WIB
Output:
----------------------------------------------------------
== JS→UiNode bridge tests ==
  ok:   engine init
  ok:   loadApp (resolves `kairo`, gets default export)
  ok:   root reifies to View
  ok:   style flexDirection:column applied
  ok:   first child = Text(title)
  ok:   title text folded = 'Count: 0'
  ok:   second child = focusable Pressable
  ok:   Pressable has onPress thunk
  ok:   after onPress → re-render shows 'Count: 1' (useState reactivity)
  ok:   second onPress → 'Count: 2'
== ALL PASS ==
<end of output>
Test time =   0.41 sec
----------------------------------------------------------
Test Passed.
"js_render_test" end time: Jun 11 20:03 WIB
"js_render_test" time elapsed: 00:00:00
----------------------------------------------------------

6/6 Testing: service_test
6/6 Test: service_test
Command: "/Users/solpochi/Projects/oss/kairo/firmware/build-host/tests/service_test"
Directory: /Users/solpochi/Projects/oss/kairo/firmware/build-host/tests
"service_test" start time: Jun 11 20:03 WIB
Output:
----------------------------------------------------------
service_test: all assertions passed
<end of output>
Test time =   0.38 sec
----------------------------------------------------------
Test Passed.
"service_test" end time: Jun 11 20:03 WIB
"service_test" time elapsed: 00:00:00
----------------------------------------------------------

End testing: Jun 11 20:03 WIB
